<?xml version="1.0" encoding="UTF-8"?>
<!-- Generated by org.testng.reporters.JUnitReportReporter -->
<testsuite hostname="LAPTOP-HCF527QF" failures="0" tests="3" name="testCases.SignUpFailures" time="15.122" errors="0" timestamp="2021-07-09T15:07:10 NZST" skipped="0">
  <testcase classname="testCases.SignUpFailures" name="tC_01registerPasswordFailure" time="4.765"/>
  <system-out/>
  <testcase classname="testCases.SignUpFailures" name="tC_01registerPasswordFailure" time="5.436"/>
  <system-out/>
  <testcase classname="testCases.SignUpFailures" name="tC_01registerPasswordFailure" time="4.921"/>
  <system-out/>
</testsuite> <!-- testCases.SignUpFailures -->
