<?xml version="1.0" encoding="UTF-8"?>
<!-- Generated by org.testng.reporters.JUnitReportReporter -->
<testsuite hostname="LAPTOP-HCF527QF" failures="0" tests="1" name="testCases.EgTest" time="3.710" errors="0" timestamp="2021-07-09T11:37:10 NZST" skipped="0">
  <testcase classname="testCases.EgTest" name="testing" time="3.710"/>
  <system-out/>
</testsuite> <!-- testCases.EgTest -->
