<?xml version="1.0" encoding="UTF-8"?>
<!-- Generated by org.testng.reporters.JUnitReportReporter -->
<testsuite hostname="LAPTOP-HCF527QF" failures="0" tests="1" name="testCases.TC_02_loginSucess" time="11.229" errors="0" timestamp="2021-07-05T15:20:21 NZST" skipped="0">
  <testcase classname="testCases.TC_02_loginSucess" name="Tc_02_loginFunction_sucess" time="11.229"/>
  <system-out/>
</testsuite> <!-- testCases.TC_02_loginSucess -->
