<?xml version="1.0" encoding="UTF-8"?>
<!-- Generated by org.testng.reporters.JUnitReportReporter -->
<testsuite hostname="LAPTOP-HCF527QF" failures="0" tests="6" name="testCases.Tc_01_validationLogin" time="35.708" errors="0" timestamp="2021-07-05T11:51:00 NZST" skipped="0">
  <testcase classname="testCases.Tc_01_validationLogin" name="Tc_01_loginFunctions_failure" time="6.120"/>
  <system-out/>
  <testcase classname="testCases.Tc_01_validationLogin" name="Tc_01_loginFunctions_failure" time="5.759"/>
  <system-out/>
  <testcase classname="testCases.Tc_01_validationLogin" name="Tc_01_loginFunctions_failure" time="6.487"/>
  <system-out/>
  <testcase classname="testCases.Tc_01_validationLogin" name="Tc_01_loginFunctions_failure" time="5.344"/>
  <system-out/>
  <testcase classname="testCases.Tc_01_validationLogin" name="Tc_01_loginFunctions_failure" time="6.282"/>
  <system-out/>
  <testcase classname="testCases.Tc_01_validationLogin" name="Tc_01_loginFunctions_failure" time="5.716"/>
  <system-out/>
</testsuite> <!-- testCases.Tc_01_validationLogin -->
