<?xml version="1.0" encoding="UTF-8"?>
<!-- Generated by org.testng.reporters.JUnitReportReporter -->
<testsuite hostname="LAPTOP-HCF527QF" failures="0" tests="1" name="testCases.TC_04_LoginAndLogout" time="21.835" errors="0" timestamp="2021-07-05T15:44:15 NZST" skipped="0">
  <testcase classname="testCases.TC_04_LoginAndLogout" name="TC01_Login_Logout" time="21.835"/>
  <system-out/>
</testsuite> <!-- testCases.TC_04_LoginAndLogout -->
